2025-03-24 18:39:09,494 - WARNING - Failed login attempt
2025-03-24 18:39:36,214 - WARNING - Failed login attempt
2025-03-24 18:39:54,007 - INFO - User admin logged in
2025-03-24 18:40:16,264 - INFO - Performance Metrics: {'user': 'admin', 'filtered_records': 590540, 'fraud_rate': np.float64(0.03499000914417313)}
2025-03-24 18:41:21,874 - INFO - Performance Metrics: {'user': 'admin', 'filtered_records': 0, 'fraud_rate': nan}
2025-03-24 18:41:35,523 - INFO - Performance Metrics: {'user': 'admin', 'filtered_records': 384767, 'fraud_rate': np.float64(0.03475609914571676)}
2025-03-24 18:44:47,257 - INFO - Performance Metrics: {'user': 'admin', 'filtered_records': 590540, 'fraud_rate': np.float64(0.03499000914417313)}
2025-03-24 18:45:17,154 - INFO - Performance Metrics: {'user': 'admin', 'filtered_records': 0, 'fraud_rate': nan}
2025-03-24 18:45:37,848 - INFO - Performance Metrics: {'user': 'admin', 'filtered_records': 189217, 'fraud_rate': np.float64(0.03433095334985757)}
2025-03-24 18:48:32,036 - INFO - User admin logged in
2025-03-24 18:48:37,362 - INFO - Performance Metrics: {'user': 'admin', 'filtered_records': 590540, 'fraud_rate': np.float64(0.03499000914417313)}
2025-03-24 18:55:42,220 - INFO - Performance Metrics: {'accuracy': 0.5555593185897653, 'precision': 0.07045438359091233, 'recall': 0.9328147100424328, 'f1': 0.13101347548256795, 'roc_auc': np.float64(0.8680389518460342), 'confusion_matrix': array([[61659, 52207],
       [  285,  3957]])}
2025-03-24 18:57:28,514 - INFO - Performance Metrics: {'accuracy': 0.5555593185897653, 'precision': 0.07045438359091233, 'recall': 0.9328147100424328, 'f1': 0.13101347548256795, 'roc_auc': np.float64(0.8680389518460342), 'confusion_matrix': array([[61659, 52207],
       [  285,  3957]])}
2025-03-24 19:02:59,923 - INFO - User admin logged in
2025-03-24 19:03:07,030 - INFO - Performance Metrics: {'user': 'admin', 'filtered_records': 590540, 'fraud_rate': np.float64(0.03499000914417313)}
2025-03-24 19:14:57,682 - INFO - User admin logged in
2025-03-24 19:15:34,097 - INFO - User admin logged in
2025-03-24 19:17:15,045 - INFO - Performance Metrics: {'user': 'admin', 'filtered_records': 392995, 'fraud_rate': np.float64(0.03544065446125269)}
2025-03-24 19:17:49,210 - INFO - User admin logged in
2025-03-24 19:17:54,106 - INFO - Performance Metrics: {'user': 'admin', 'filtered_records': 590540, 'fraud_rate': np.float64(0.03499000914417313)}
2025-03-24 19:18:01,383 - INFO - Performance Metrics: {'user': 'admin', 'filtered_records': 401323, 'fraud_rate': np.float64(0.03530074279321145)}
2025-03-24 19:18:14,761 - INFO - Performance Metrics: {'user': 'admin', 'filtered_records': 0, 'fraud_rate': nan}
2025-03-24 19:18:20,810 - INFO - Performance Metrics: {'user': 'admin', 'filtered_records': 384767, 'fraud_rate': np.float64(0.03475609914571676)}
2025-03-24 19:18:46,568 - INFO - Legitimate transaction predicted
2025-03-24 19:18:46,571 - INFO - Performance Metrics: {'user': 'admin', 'filtered_records': 384767, 'fraud_rate': np.float64(0.03475609914571676)}
2025-03-24 19:19:05,919 - INFO - Performance Metrics: {'user': 'admin', 'filtered_records': 190794, 'fraud_rate': np.float64(0.034262083713324315)}
2025-03-24 19:25:41,703 - INFO - User admin logged in
2025-03-24 19:30:56,106 - INFO - User admin logged in
2025-03-24 19:31:22,219 - INFO - User admin logged in
2025-03-24 19:33:56,075 - INFO - User admin logged in
2025-03-24 19:34:27,819 - INFO - User admin logged in
2025-03-24 19:35:19,332 - INFO - User admin logged in
2025-03-24 19:36:57,927 - INFO - Performance Metrics: {'user': 'admin', 'filtered_records': 590540, 'fraud_rate': np.float64(0.03499000914417313)}
2025-03-24 19:48:48,797 - ERROR - Model evaluation error: feature_names mismatch: ['TransactionAmt', 'card1', 'card2', 'addr1', 'dist1', 'card4', 'card6', 'ProductCD'] ['TransactionAmt', 'card1', 'card2', 'addr1', 'card4', 'card6', 'TransactionDT']
expected dist1, ProductCD in input data
training data did not have the following fields: TransactionDT
2025-03-24 19:48:48,801 - INFO - Performance Metrics: {'user': 'admin', 'filtered_records': 590540, 'fraud_rate': np.float64(0.03499000914417313)}
2025-03-24 19:50:28,957 - ERROR - Model evaluation error: feature_names mismatch: ['TransactionAmt', 'card1', 'card2', 'addr1', 'dist1', 'card4', 'card6', 'ProductCD'] ['TransactionAmt', 'card1', 'card2', 'addr1', 'dist1', 'card4', 'card6', 'ProductCD', 'TransactionDT']
training data did not have the following fields: TransactionDT
2025-03-24 19:50:28,960 - INFO - Performance Metrics: {'user': 'admin', 'filtered_records': 590540, 'fraud_rate': np.float64(0.03499000914417313)}
2025-03-24 19:54:40,478 - INFO - User admin logged in
2025-03-24 19:55:02,963 - INFO - Performance Metrics: {'user': 'admin', 'filtered_records': 590540, 'fraud_rate': np.float64(0.03499000914417313)}
2025-03-24 20:00:22,925 - INFO - Performance Metrics: {'user': 'admin', 'filtered_records': 590540, 'fraud_rate': np.float64(0.03499000914417313)}
2025-03-24 20:00:37,553 - INFO - Performance Metrics: {'user': 'admin', 'filtered_records': 582212, 'fraud_rate': np.float64(0.03508000522146572)}
2025-03-24 20:00:48,367 - INFO - Performance Metrics: {'user': 'admin', 'filtered_records': 391418, 'fraud_rate': np.float64(0.03547869541002202)}
2025-03-24 20:12:34,040 - INFO - User admin logged in
2025-03-24 20:12:53,638 - INFO - Performance Metrics: {'user': 'admin', 'filtered_records': 590540, 'fraud_rate': np.float64(0.03499000914417313)}
2025-03-25 22:10:12,825 - INFO - User admin logged in
2025-03-25 22:10:33,807 - INFO - Performance Metrics: {'user': 'admin', 'filtered_records': 590540, 'fraud_rate': np.float64(0.03499000914417313)}
2025-03-25 22:13:46,489 - INFO - Performance Metrics: {'user': 'admin', 'filtered_records': 590540, 'fraud_rate': np.float64(0.03499000914417313)}
2025-03-25 22:16:11,278 - INFO - Performance Metrics: {'user': 'admin', 'filtered_records': 590540, 'fraud_rate': np.float64(0.03499000914417313)}
2025-03-25 22:19:18,711 - INFO - Performance Metrics: {'user': 'admin', 'filtered_records': 590540, 'fraud_rate': np.float64(0.03499000914417313)}
2025-03-25 22:20:30,287 - INFO - User admin logged in
2025-03-25 22:20:51,161 - INFO - Performance Metrics: {'user': 'admin', 'filtered_records': 590540, 'fraud_rate': np.float64(0.03499000914417313)}
2025-03-25 22:25:15,503 - INFO - User admin logged in
2025-03-25 22:25:35,665 - INFO - Performance Metrics: {'user': 'admin', 'filtered_records': 590540, 'fraud_rate': np.float64(0.03499000914417313)}
2025-03-26 12:01:26,839 - INFO - Performance Metrics: {'user': None, 'filtered_records': 590540, 'fraud_rate': np.float64(0.03499000914417313)}
2025-03-26 12:02:16,021 - INFO - Performance Metrics: {'user': 'admin', 'filtered_records': 590540, 'fraud_rate': np.float64(0.03499000914417313)}
2025-03-26 12:03:30,567 - INFO - Performance Metrics: {'user': 'admin', 'filtered_records': 590540, 'fraud_rate': np.float64(0.03499000914417313)}
2025-03-26 12:03:45,884 - INFO - Performance Metrics: {'user': None, 'filtered_records': 590540, 'fraud_rate': np.float64(0.03499000914417313)}
2025-03-26 12:04:02,395 - INFO - Performance Metrics: {'user': None, 'filtered_records': 590540, 'fraud_rate': np.float64(0.03499000914417313)}
2025-03-26 12:04:32,954 - INFO - Performance Metrics: {'user': 'admin', 'filtered_records': 590540, 'fraud_rate': np.float64(0.03499000914417313)}
2025-03-26 12:10:22,833 - INFO - Performance Metrics: {'user': 'admin', 'filtered_records': 590540, 'fraud_rate': np.float64(0.03499000914417313)}
2025-03-26 12:10:33,626 - INFO - Performance Metrics: {'user': None, 'filtered_records': 590540, 'fraud_rate': np.float64(0.03499000914417313)}
2025-03-26 12:13:06,617 - INFO - Performance Metrics: {'user': 'admin', 'filtered_records': 590540, 'fraud_rate': np.float64(0.03499000914417313)}
2025-03-26 12:17:16,610 - INFO - Performance Metrics: {'user': 'admin', 'filtered_records': 590540, 'fraud_rate': np.float64(0.03499000914417313)}
2025-03-26 12:19:07,083 - INFO - Performance Metrics: {'user': None, 'filtered_records': 590540, 'fraud_rate': np.float64(0.03499000914417313)}
2025-03-26 12:20:23,836 - INFO - Performance Metrics: {'user': 'admin', 'filtered_records': 590540, 'fraud_rate': np.float64(0.03499000914417313)}
2025-03-26 12:21:06,781 - INFO - Legitimate transaction predicted
2025-03-26 12:21:06,875 - INFO - Performance Metrics: {'user': 'admin', 'filtered_records': 590540, 'fraud_rate': np.float64(0.03499000914417313)}
2025-03-26 12:21:34,627 - INFO - Legitimate transaction predicted
2025-03-26 12:21:34,706 - INFO - Performance Metrics: {'user': 'admin', 'filtered_records': 590540, 'fraud_rate': np.float64(0.03499000914417313)}
2025-03-26 12:52:27,557 - INFO - Performance Metrics: {'user': None, 'filtered_records': 590540, 'fraud_rate': np.float64(0.03499000914417313)}
2025-03-26 12:53:04,934 - INFO - Performance Metrics: {'user': 'admin', 'filtered_records': 590540, 'fraud_rate': np.float64(0.03499000914417313)}
2025-03-26 12:55:13,184 - INFO - Performance Metrics: {'user': 'admin', 'filtered_records': 590540, 'fraud_rate': np.float64(0.03499000914417313)}
2025-03-26 12:55:42,379 - INFO - Performance Metrics: {'user': 'admin', 'filtered_records': 590540, 'fraud_rate': np.float64(0.03499000914417313)}
2025-03-26 12:57:34,996 - INFO - Performance Metrics: {'user': 'admin', 'filtered_records': 590540, 'fraud_rate': np.float64(0.03499000914417313)}
2025-03-26 13:00:57,341 - INFO - Performance Metrics: {'user': 'admin', 'filtered_records': 590540, 'fraud_rate': np.float64(0.03499000914417313)}
2025-03-26 13:01:51,727 - INFO - Performance Metrics: {'user': 'admin', 'filtered_records': 590540, 'fraud_rate': np.float64(0.03499000914417313)}
2025-03-26 13:03:14,277 - INFO - Performance Metrics: {'user': 'admin', 'filtered_records': 590540, 'fraud_rate': np.float64(0.03499000914417313)}
2025-03-26 14:00:02,651 - INFO - Performance Metrics: {'user': None, 'filtered_records': 590540, 'fraud_rate': np.float64(0.03499000914417313)}
2025-03-26 14:00:49,625 - INFO - Performance Metrics: {'user': 'admin', 'filtered_records': 590540, 'fraud_rate': np.float64(0.03499000914417313)}
2025-03-26 14:03:24,488 - INFO - Performance Metrics: {'user': 'admin', 'filtered_records': 590540, 'fraud_rate': np.float64(0.03499000914417313)}
2025-03-26 14:04:15,829 - INFO - Performance Metrics: {'user': 'admin', 'filtered_records': 590540, 'fraud_rate': np.float64(0.03499000914417313)}
2025-03-26 14:59:36,038 - INFO - Performance Metrics: {'user': None, 'filtered_records': 590540, 'fraud_rate': np.float64(0.03499000914417313)}
2025-03-26 15:00:10,220 - INFO - Performance Metrics: {'user': 'admin', 'filtered_records': 590540, 'fraud_rate': np.float64(0.03499000914417313)}
2025-03-26 15:04:55,576 - INFO - Performance Metrics: {'user': 'admin', 'filtered_records': 590540, 'fraud_rate': np.float64(0.03499000914417313)}
2025-03-26 15:06:00,759 - INFO - Performance Metrics: {'user': 'admin', 'filtered_records': 590540, 'fraud_rate': np.float64(0.03499000914417313)}
2025-03-26 15:06:53,664 - INFO - Performance Metrics: {'user': 'admin', 'filtered_records': 590540, 'fraud_rate': np.float64(0.03499000914417313)}
2025-03-26 15:15:48,678 - INFO - Performance Metrics: {'user': None, 'filtered_records': 590540, 'fraud_rate': np.float64(0.03499000914417313)}
2025-03-26 15:16:35,590 - INFO - Performance Metrics: {'user': 'admin', 'filtered_records': 590540, 'fraud_rate': np.float64(0.03499000914417313)}
2025-03-26 15:16:51,618 - ERROR - Prediction error: This StandardScaler instance is not fitted yet. Call 'fit' with appropriate arguments before using this estimator.
2025-03-26 15:16:51,666 - INFO - Performance Metrics: {'user': 'admin', 'filtered_records': 590540, 'fraud_rate': np.float64(0.03499000914417313)}
2025-03-26 15:17:14,149 - ERROR - Prediction error: This StandardScaler instance is not fitted yet. Call 'fit' with appropriate arguments before using this estimator.
2025-03-26 15:17:14,197 - INFO - Performance Metrics: {'user': 'admin', 'filtered_records': 590540, 'fraud_rate': np.float64(0.03499000914417313)}
2025-03-26 15:17:27,508 - ERROR - Prediction error: This StandardScaler instance is not fitted yet. Call 'fit' with appropriate arguments before using this estimator.
2025-03-26 15:17:27,558 - INFO - Performance Metrics: {'user': 'admin', 'filtered_records': 590540, 'fraud_rate': np.float64(0.03499000914417313)}
2025-03-26 15:17:38,654 - ERROR - Prediction error: This StandardScaler instance is not fitted yet. Call 'fit' with appropriate arguments before using this estimator.
2025-03-26 15:17:38,704 - INFO - Performance Metrics: {'user': 'admin', 'filtered_records': 590540, 'fraud_rate': np.float64(0.03499000914417313)}
2025-03-26 15:18:57,719 - INFO - Performance Metrics: {'user': 'admin', 'filtered_records': 16556, 'fraud_rate': np.float64(0.04795844406861561)}
2025-03-26 15:19:01,927 - INFO - Performance Metrics: {'user': 'admin', 'filtered_records': 8228, 'fraud_rate': np.float64(0.06745260087506076)}
2025-03-26 15:19:05,608 - INFO - Performance Metrics: {'user': 'admin', 'filtered_records': 6651, 'fraud_rate': np.float64(0.0772816117877011)}
2025-03-26 15:19:08,651 - INFO - Performance Metrics: {'user': 'admin', 'filtered_records': 0, 'fraud_rate': nan}
2025-03-26 15:19:20,583 - INFO - Performance Metrics: {'user': 'admin', 'filtered_records': 384767, 'fraud_rate': np.float64(0.03475609914571676)}
2025-03-26 15:20:42,107 - ERROR - Prediction error: This StandardScaler instance is not fitted yet. Call 'fit' with appropriate arguments before using this estimator.
2025-03-26 15:20:42,139 - INFO - Performance Metrics: {'user': 'admin', 'filtered_records': 384767, 'fraud_rate': np.float64(0.03475609914571676)}
2025-03-26 15:20:56,928 - ERROR - Prediction error: This StandardScaler instance is not fitted yet. Call 'fit' with appropriate arguments before using this estimator.
2025-03-26 15:20:56,965 - INFO - Performance Metrics: {'user': 'admin', 'filtered_records': 384767, 'fraud_rate': np.float64(0.03475609914571676)}
2025-03-26 15:21:02,912 - ERROR - Prediction error: This StandardScaler instance is not fitted yet. Call 'fit' with appropriate arguments before using this estimator.
2025-03-26 15:21:02,986 - INFO - Performance Metrics: {'user': 'admin', 'filtered_records': 384767, 'fraud_rate': np.float64(0.03475609914571676)}
2025-03-26 15:22:04,543 - INFO - Performance Metrics: {'user': 'admin', 'filtered_records': 384767, 'fraud_rate': np.float64(0.03475609914571676)}
2025-03-26 15:25:36,245 - INFO - Performance Metrics: {'user': 'admin', 'filtered_records': 384767, 'fraud_rate': np.float64(0.03475609914571676)}
2025-03-26 15:29:47,074 - INFO - Performance Metrics: {'user': None, 'filtered_records': 590540, 'fraud_rate': np.float64(0.03499000914417313)}
2025-03-26 15:30:19,154 - INFO - Performance Metrics: {'user': 'admin', 'filtered_records': 590540, 'fraud_rate': np.float64(0.03499000914417313)}
2025-03-26 15:30:38,222 - ERROR - Prediction error: X has 7 features, but StandardScaler is expecting 20 features as input.
2025-03-26 15:30:38,277 - INFO - Performance Metrics: {'user': 'admin', 'filtered_records': 590540, 'fraud_rate': np.float64(0.03499000914417313)}
2025-03-26 15:31:39,835 - INFO - Performance Metrics: {'user': None, 'filtered_records': 590540, 'fraud_rate': np.float64(0.03499000914417313)}
2025-03-26 15:32:13,944 - INFO - Performance Metrics: {'user': 'admin', 'filtered_records': 590540, 'fraud_rate': np.float64(0.03499000914417313)}
2025-03-26 16:16:03,132 - INFO - Performance Metrics: {'user': 'admin', 'filtered_records': 590540, 'fraud_rate': np.float64(0.03499000914417313)}
2025-03-26 16:20:22,293 - INFO - Performance Metrics: {'user': 'admin', 'filtered_records': 590540, 'fraud_rate': np.float64(0.03499000914417313)}
2025-03-26 16:22:03,529 - INFO - Performance Metrics: {'user': 'admin', 'filtered_records': 590540, 'fraud_rate': np.float64(0.03499000914417313)}
2025-03-26 16:34:28,292 - INFO - Performance Metrics: {'user': 'admin', 'filtered_records': 590540, 'fraud_rate': np.float64(0.03499000914417313)}
2025-03-26 16:38:19,910 - INFO - Performance Metrics: {'user': 'admin', 'filtered_records': 590540, 'fraud_rate': np.float64(0.03499000914417313)}
2025-03-26 16:40:23,633 - INFO - Performance Metrics: {'user': 'admin', 'filtered_records': 590540, 'fraud_rate': np.float64(0.03499000914417313)}
2025-03-26 16:42:51,942 - INFO - Performance Metrics: {'user': 'admin', 'filtered_records': 590540, 'fraud_rate': np.float64(0.03499000914417313)}
2025-03-26 16:43:45,070 - WARNING - Fraud predicted
2025-03-26 16:43:45,144 - INFO - Performance Metrics: {'user': 'admin', 'filtered_records': 590540, 'fraud_rate': np.float64(0.03499000914417313)}
2025-03-26 16:44:08,754 - WARNING - Fraud predicted
2025-03-26 16:44:08,814 - INFO - Performance Metrics: {'user': 'admin', 'filtered_records': 590540, 'fraud_rate': np.float64(0.03499000914417313)}
2025-03-26 16:48:19,357 - INFO - Performance Metrics: {'user': 'admin', 'filtered_records': 590540, 'fraud_rate': np.float64(0.03499000914417313)}
2025-03-26 16:48:48,690 - WARNING - Fraud predicted
2025-03-26 16:48:48,761 - INFO - Performance Metrics: {'user': 'admin', 'filtered_records': 590540, 'fraud_rate': np.float64(0.03499000914417313)}
2025-03-26 16:49:14,633 - INFO - Performance Metrics: {'user': 'admin', 'filtered_records': 590540, 'fraud_rate': np.float64(0.03499000914417313)}
2025-03-26 16:52:23,347 - WARNING - Fraud predicted
2025-03-26 16:52:23,426 - INFO - Performance Metrics: {'user': 'admin', 'filtered_records': 590540, 'fraud_rate': np.float64(0.03499000914417313)}
2025-03-26 16:54:10,532 - WARNING - Fraud predicted
2025-03-26 16:54:10,591 - INFO - Performance Metrics: {'user': 'admin', 'filtered_records': 590540, 'fraud_rate': np.float64(0.03499000914417313)}
2025-03-26 17:15:11,244 - INFO - Performance Metrics: {'user': 'admin', 'filtered_records': 590540, 'fraud_rate': np.float64(0.03499000914417313)}
2025-03-27 00:21:57,321 - INFO - Performance Metrics: {'user': 'admin', 'filtered_records': 588963, 'fraud_rate': np.float64(0.035014084076588854)}
2025-03-27 00:22:49,905 - INFO - Performance Metrics: {'user': 'admin', 'filtered_records': 399746, 'fraud_rate': np.float64(0.03533743927393895)}
2025-03-27 00:24:12,556 - INFO - Performance Metrics: {'user': 'admin', 'filtered_records': 588963, 'fraud_rate': np.float64(0.035014084076588854)}
2025-03-27 00:31:54,916 - INFO - Performance Metrics: {'user': 'admin', 'filtered_records': 588963, 'fraud_rate': np.float64(0.035014084076588854)}
2025-03-27 00:32:09,624 - INFO - Performance Metrics: {'user': 'admin', 'filtered_records': 588963, 'fraud_rate': np.float64(0.035014084076588854)}
2025-03-27 00:33:04,913 - INFO - Performance Metrics: {'user': 'admin', 'filtered_records': 588963, 'fraud_rate': np.float64(0.035014084076588854)}
2025-03-27 00:33:22,480 - INFO - Performance Metrics: {'user': 'admin', 'filtered_records': 588963, 'fraud_rate': np.float64(0.035014084076588854)}
2025-03-27 00:33:34,283 - INFO - Performance Metrics: {'user': 'admin', 'filtered_records': 588963, 'fraud_rate': np.float64(0.035014084076588854)}
2025-03-27 00:33:45,256 - INFO - Performance Metrics: {'user': 'admin', 'filtered_records': 588963, 'fraud_rate': np.float64(0.035014084076588854)}
2025-03-27 00:34:00,867 - INFO - Performance Metrics: {'user': 'admin', 'filtered_records': 588963, 'fraud_rate': np.float64(0.035014084076588854)}
2025-03-27 00:34:14,265 - INFO - Performance Metrics: {'user': 'admin', 'filtered_records': 588963, 'fraud_rate': np.float64(0.035014084076588854)}
2025-03-27 00:35:33,734 - INFO - Performance Metrics: {'user': 'admin', 'filtered_records': 536857, 'fraud_rate': np.float64(0.03225998729643089)}
2025-03-27 00:35:46,317 - INFO - Performance Metrics: {'user': 'admin', 'filtered_records': 536857, 'fraud_rate': np.float64(0.03225998729643089)}
2025-03-27 00:35:59,117 - INFO - Performance Metrics: {'user': 'admin', 'filtered_records': 536857, 'fraud_rate': np.float64(0.03225998729643089)}
2025-03-27 00:37:26,610 - INFO - Performance Metrics: {'user': 'admin', 'filtered_records': 538323, 'fraud_rate': np.float64(0.032244581784541995)}
2025-03-27 00:37:48,312 - INFO - Performance Metrics: {'user': 'admin', 'filtered_records': 0, 'fraud_rate': nan}
2025-03-27 00:39:53,232 - INFO - Performance Metrics: {'user': 'admin', 'filtered_records': 0, 'fraud_rate': nan}
2025-03-27 00:40:15,193 - INFO - Performance Metrics: {'user': 'admin', 'filtered_records': 538323, 'fraud_rate': np.float64(0.032244581784541995)}
2025-03-27 00:41:14,215 - INFO - Performance Metrics: {'user': 'admin', 'filtered_records': 538323, 'fraud_rate': np.float64(0.032244581784541995)}
2025-03-27 00:42:10,763 - INFO - Performance Metrics: {'user': 'admin', 'filtered_records': 538323, 'fraud_rate': np.float64(0.032244581784541995)}
2025-03-27 00:42:23,042 - INFO - Performance Metrics: {'user': 'admin', 'filtered_records': 538323, 'fraud_rate': np.float64(0.032244581784541995)}
2025-03-27 00:43:00,145 - INFO - Performance Metrics: {'user': 'admin', 'filtered_records': 538323, 'fraud_rate': np.float64(0.032244581784541995)}
2025-03-27 00:44:19,343 - INFO - Performance Metrics: {'user': 'admin', 'filtered_records': 588963, 'fraud_rate': np.float64(0.035014084076588854)}
2025-03-27 00:44:36,526 - INFO - Performance Metrics: {'user': 'admin', 'filtered_records': 538323, 'fraud_rate': np.float64(0.032244581784541995)}
2025-03-27 00:44:51,626 - INFO - Performance Metrics: {'user': 'admin', 'filtered_records': 538323, 'fraud_rate': np.float64(0.032244581784541995)}
2025-03-27 00:45:02,867 - INFO - Performance Metrics: {'user': 'admin', 'filtered_records': 538323, 'fraud_rate': np.float64(0.032244581784541995)}
2025-03-27 00:46:07,819 - INFO - Performance Metrics: {'user': 'admin', 'filtered_records': 588963, 'fraud_rate': np.float64(0.035014084076588854)}
2025-03-27 00:51:25,804 - INFO - Performance Metrics: {'user': 'admin', 'filtered_records': 588963, 'fraud_rate': np.float64(0.035014084076588854)}
2025-03-27 00:51:34,082 - INFO - Performance Metrics: {'user': 'admin', 'filtered_records': 0, 'fraud_rate': nan}
2025-03-27 00:51:42,052 - INFO - Performance Metrics: {'user': 'admin', 'filtered_records': 189217, 'fraud_rate': np.float64(0.03433095334985757)}
2025-03-27 00:52:39,869 - INFO - Performance Metrics: {'user': 'admin', 'filtered_records': 189217, 'fraud_rate': np.float64(0.03433095334985757)}
2025-03-27 00:52:54,426 - INFO - Performance Metrics: {'user': 'admin', 'filtered_records': 189217, 'fraud_rate': np.float64(0.03433095334985757)}
2025-03-27 00:53:07,005 - INFO - Performance Metrics: {'user': 'admin', 'filtered_records': 189217, 'fraud_rate': np.float64(0.03433095334985757)}
2025-03-27 00:53:17,316 - INFO - Performance Metrics: {'user': 'admin', 'filtered_records': 189217, 'fraud_rate': np.float64(0.03433095334985757)}
2025-03-27 00:54:31,430 - INFO - Performance Metrics: {'user': 'admin', 'filtered_records': 189217, 'fraud_rate': np.float64(0.03433095334985757)}
2025-03-27 00:55:48,214 - INFO - Performance Metrics: {'user': 'admin', 'filtered_records': 189217, 'fraud_rate': np.float64(0.03433095334985757)}
2025-03-27 01:03:04,629 - INFO - Performance Metrics: {'user': None, 'filtered_records': 588963, 'fraud_rate': np.float64(0.035014084076588854)}
2025-03-27 01:05:36,950 - INFO - Performance Metrics: {'user': 'admin', 'filtered_records': 588963, 'fraud_rate': np.float64(0.035014084076588854)}
2025-03-27 01:07:57,033 - INFO - Performance Metrics: {'user': 'admin', 'filtered_records': 588963, 'fraud_rate': np.float64(0.035014084076588854)}
2025-03-27 01:13:43,040 - INFO - Performance Metrics: {'user': 'admin', 'filtered_records': 588963, 'fraud_rate': np.float64(0.035014084076588854)}
2025-03-27 01:15:15,369 - INFO - Performance Metrics: {'user': 'admin', 'filtered_records': 0, 'fraud_rate': nan}
2025-03-27 01:15:50,310 - INFO - Performance Metrics: {'user': 'admin', 'filtered_records': 6651, 'fraud_rate': np.float64(0.0772816117877011)}
2025-03-27 14:40:02,762 - INFO - Performance Metrics: {'user': None, 'filtered_records': 588963, 'fraud_rate': np.float64(0.035014084076588854)}
2025-03-27 14:41:12,703 - INFO - Performance Metrics: {'user': 'admin', 'filtered_records': 588963, 'fraud_rate': np.float64(0.035014084076588854)}
2025-03-27 14:42:53,329 - INFO - Performance Metrics: {'user': 'admin', 'filtered_records': 588963, 'fraud_rate': np.float64(0.035014084076588854)}
2025-03-27 14:44:09,729 - INFO - Performance Metrics: {'user': 'admin', 'filtered_records': 588963, 'fraud_rate': np.float64(0.035014084076588854)}
2025-03-27 14:47:22,630 - INFO - Performance Metrics: {'user': 'admin', 'filtered_records': 588963, 'fraud_rate': np.float64(0.035014084076588854)}
2025-03-27 14:48:02,012 - INFO - Performance Metrics: {'user': 'admin', 'filtered_records': 588963, 'fraud_rate': np.float64(0.035014084076588854)}
2025-03-27 14:49:38,926 - INFO - Performance Metrics: {'user': 'admin', 'filtered_records': 588963, 'fraud_rate': np.float64(0.035014084076588854)}
2025-03-27 14:54:36,034 - INFO - Performance Metrics: {'user': 'admin', 'filtered_records': 588963, 'fraud_rate': np.float64(0.035014084076588854)}
2025-03-27 14:55:14,942 - INFO - Performance Metrics: {'user': 'admin', 'filtered_records': 588963, 'fraud_rate': np.float64(0.035014084076588854)}
2025-03-27 15:00:15,611 - INFO - Performance Metrics: {'user': 'admin', 'filtered_records': 588963, 'fraud_rate': np.float64(0.035014084076588854)}
2025-03-27 15:03:59,039 - INFO - Performance Metrics: {'user': 'admin', 'filtered_records': 588963, 'fraud_rate': np.float64(0.035014084076588854)}
2025-03-27 15:04:44,655 - INFO - Performance Metrics: {'user': 'admin', 'filtered_records': 588963, 'fraud_rate': np.float64(0.035014084076588854)}
2025-03-27 15:06:00,970 - INFO - Performance Metrics: {'user': 'admin', 'filtered_records': 6651, 'fraud_rate': np.float64(0.0772816117877011)}
2025-03-27 15:06:57,310 - INFO - Performance Metrics: {'user': 'admin', 'filtered_records': 6651, 'fraud_rate': np.float64(0.0772816117877011)}
2025-03-27 15:15:29,702 - INFO - Performance Metrics: {'user': 'admin', 'filtered_records': 588963, 'fraud_rate': np.float64(0.035014084076588854)}
2025-03-27 15:18:16,182 - INFO - Performance Metrics: {'user': 'admin', 'filtered_records': 588963, 'fraud_rate': np.float64(0.035014084076588854)}
2025-03-27 15:22:43,244 - INFO - Performance Metrics: {'user': 'admin', 'filtered_records': 588963, 'fraud_rate': np.float64(0.035014084076588854)}
2025-03-27 15:28:28,553 - INFO - Performance Metrics: {'user': 'admin', 'filtered_records': 588963, 'fraud_rate': np.float64(0.035014084076588854)}
2025-03-27 15:32:37,651 - INFO - Performance Metrics: {'user': 'admin', 'filtered_records': 588963, 'fraud_rate': np.float64(0.035014084076588854)}
2025-03-27 15:35:16,832 - INFO - Performance Metrics: {'user': 'admin', 'filtered_records': 588963, 'fraud_rate': np.float64(0.035014084076588854)}
2025-03-27 15:51:09,323 - INFO - Performance Metrics: {'user': 'admin', 'filtered_records': 588963, 'fraud_rate': np.float64(0.035014084076588854)}
2025-03-27 15:51:45,086 - INFO - Performance Metrics: {'user': 'admin', 'filtered_records': 588963, 'fraud_rate': np.float64(0.035014084076588854)}
2025-03-27 15:53:51,468 - INFO - Performance Metrics: {'user': 'admin', 'filtered_records': 588963, 'fraud_rate': np.float64(0.035014084076588854)}
2025-03-27 15:55:27,742 - INFO - Performance Metrics: {'user': 'admin', 'filtered_records': 588963, 'fraud_rate': np.float64(0.035014084076588854)}
2025-03-27 15:57:50,983 - INFO - Performance Metrics: {'user': 'admin', 'filtered_records': 588963, 'fraud_rate': np.float64(0.035014084076588854)}
2025-03-27 16:01:26,989 - INFO - Performance Metrics: {'user': 'admin', 'filtered_records': 588963, 'fraud_rate': np.float64(0.035014084076588854)}
2025-03-27 16:04:11,117 - INFO - Performance Metrics: {'user': 'admin', 'filtered_records': 588963, 'fraud_rate': np.float64(0.035014084076588854)}
2025-03-27 16:06:45,243 - INFO - Performance Metrics: {'user': 'admin', 'filtered_records': 588963, 'fraud_rate': np.float64(0.035014084076588854)}
2025-03-27 16:10:13,766 - INFO - Performance Metrics: {'user': 'admin', 'filtered_records': 588963, 'fraud_rate': np.float64(0.035014084076588854)}
2025-03-27 16:11:48,508 - INFO - Performance Metrics: {'user': 'admin', 'filtered_records': 588963, 'fraud_rate': np.float64(0.035014084076588854)}
2025-03-27 16:29:01,355 - INFO - Performance Metrics: {'user': 'admin', 'filtered_records': 588963, 'fraud_rate': np.float64(0.035014084076588854)}
2025-03-27 16:31:14,814 - INFO - Performance Metrics: {'user': 'admin', 'filtered_records': 588963, 'fraud_rate': np.float64(0.035014084076588854)}
2025-03-27 16:39:35,324 - INFO - Performance Metrics: {'user': 'admin', 'filtered_records': 588963, 'fraud_rate': np.float64(0.035014084076588854)}
2025-03-27 17:03:31,247 - INFO - Performance Metrics: {'user': 'admin', 'filtered_records': 588963, 'fraud_rate': np.float64(0.035014084076588854)}
2025-03-27 17:12:27,792 - INFO - Performance Metrics: {'user': 'admin', 'filtered_records': 588963, 'fraud_rate': np.float64(0.035014084076588854)}
2025-03-27 17:13:14,658 - INFO - Performance Metrics: {'user': 'admin', 'filtered_records': 588963, 'fraud_rate': np.float64(0.035014084076588854)}
2025-03-27 17:15:41,229 - INFO - Performance Metrics: {'user': 'admin', 'filtered_records': 588963, 'fraud_rate': np.float64(0.035014084076588854)}
2025-03-27 17:17:41,800 - INFO - Performance Metrics: {'user': 'admin', 'filtered_records': 588963, 'fraud_rate': np.float64(0.035014084076588854)}
2025-03-27 17:20:26,231 - INFO - Performance Metrics: {'user': 'admin', 'filtered_records': 0, 'fraud_rate': nan}
2025-03-27 17:21:06,881 - INFO - Performance Metrics: {'user': 'admin', 'filtered_records': 6651, 'fraud_rate': np.float64(0.0772816117877011)}
2025-03-27 17:28:59,742 - INFO - Performance Metrics: {'user': 'admin', 'filtered_records': 6651, 'fraud_rate': np.float64(0.0772816117877011)}
2025-03-27 22:08:38,963 - INFO - Performance Metrics: {'user': 'admin', 'filtered_records': 588963, 'fraud_rate': np.float64(0.035014084076588854)}
2025-03-27 22:17:47,752 - INFO - Performance Metrics: {'user': 'admin', 'filtered_records': 588963, 'fraud_rate': np.float64(0.035014084076588854)}
2025-03-27 22:21:25,526 - INFO - Performance Metrics: {'user': 'admin', 'filtered_records': 588963, 'fraud_rate': np.float64(0.035014084076588854)}
2025-03-27 22:40:53,082 - INFO - Performance Metrics: {'user': None, 'filtered_records': 588963, 'fraud_rate': np.float64(0.035014084076588854)}
2025-03-27 22:45:36,599 - INFO - Performance Metrics: {'user': 'admin', 'filtered_records': 588963, 'fraud_rate': np.float64(0.035014084076588854)}
2025-03-31 01:12:55,160 - INFO - Performance Metrics: {'user': None, 'filtered_records': 588963, 'fraud_rate': np.float64(0.035014084076588854)}
2025-03-31 01:14:19,441 - INFO - Performance Metrics: {'user': 'admin', 'filtered_records': 588963, 'fraud_rate': np.float64(0.035014084076588854)}
2025-03-31 01:15:26,061 - INFO - Performance Metrics: {'user': 'admin', 'filtered_records': 588963, 'fraud_rate': np.float64(0.035014084076588854)}
2025-03-31 01:17:57,867 - INFO - Performance Metrics: {'user': 'admin', 'filtered_records': 588963, 'fraud_rate': np.float64(0.035014084076588854)}
2025-03-31 01:18:42,517 - INFO - Performance Metrics: {'user': 'admin', 'filtered_records': 588963, 'fraud_rate': np.float64(0.035014084076588854)}
2025-03-31 01:19:26,236 - INFO - Performance Metrics: {'user': 'admin', 'filtered_records': 588963, 'fraud_rate': np.float64(0.035014084076588854)}
2025-03-31 01:20:48,200 - INFO - Performance Metrics: {'user': 'admin', 'filtered_records': 588963, 'fraud_rate': np.float64(0.035014084076588854)}
2025-03-31 01:21:32,316 - INFO - Performance Metrics: {'user': 'admin', 'filtered_records': 588963, 'fraud_rate': np.float64(0.035014084076588854)}
2025-03-31 01:22:17,998 - INFO - Performance Metrics: {'user': 'admin', 'filtered_records': 588963, 'fraud_rate': np.float64(0.035014084076588854)}
2025-03-31 01:23:04,188 - INFO - Performance Metrics: {'user': 'admin', 'filtered_records': 588963, 'fraud_rate': np.float64(0.035014084076588854)}
2025-03-31 01:27:09,488 - INFO - Performance Metrics: {'user': 'admin', 'filtered_records': 588963, 'fraud_rate': np.float64(0.035014084076588854)}
2025-03-31 01:28:40,296 - INFO - Performance Metrics: {'user': 'admin', 'filtered_records': 588963, 'fraud_rate': np.float64(0.035014084076588854)}
